GA PARAMETERS
Representation: Integer
Population size: 2500
Max Generation: 10000
Parent Selection: Tournament Parent Selector
Survivor Selection: Elitism Survivor Selector
Recombination Method: Uniform Crossover
Mutation Method: Reset Mutator
Recombination Probabilty: 0.9
Mutation Probability: 0.02
Survival Rate: 0.01
Generations: 27
Running time: 5870 ms
Restarts: 0
Best individual (Phenotype): 
61745816234125753827836145283217456

2 3 6 1 8 5 7 4
5 4 8 7 1 6 2 3
4 1 2 8 5 3 6 7
6 5 7 3 4 8 1 2
7 8 3 6 2 1 4 5
1 2 4 5 6 7 3 8
3 6 5 2 7 4 8 1
8 7 1 4 3 2 5 6

The sudoku puzzle was solved
