GA PARAMETERS
Representation: Integer
Population size: 1000
Max Generation: 3000000
Parent Selection: Tournament Parent Selector
Survivor Selection: Elitism Survivor Selector
Recombination Method: Uniform Crossover
Mutation Method: Reset Mutator
Recombination Probabilty: 1.0
Mutation Probability: 0.0
Survival Rate: 0.2
<<<<<<< HEAD
Generations: 40
Running time: 3654 ms
=======
Generations: 31
Running time: 3163 ms
>>>>>>> 0fe533b2a399e29648c8f97212bc612d98b2e337
Restarts: 0
Best individual (Phenotype): 
534211266132251636561543

536421142356461532253164324615615243
The sudoku puzzle was solved
