GA PARAMETERS
Representation: Integer
Population size: 2500
Max Generation: 10000
Parent Selection: Tournament Parent Selector
Survivor Selection: Elitism Survivor Selector
Recombination Method: Uniform Crossover
Mutation Method: Reset Mutator
Recombination Probabilty: 0.9
Mutation Probability: 0.02
Survival Rate: 0.01
Generations: 950
Running time: 115045 ms
Restarts: 4
Best individual (Phenotype): 
13456412351342315261544561

1 3 2 4 5 6
6 5 4 1 2 3
5 1 6 3 4 2
4 2 3 6 1 5
2 6 1 5 3 4
3 4 5 2 6 1

The sudoku puzzle was solved
